<?xml version="1.0" encoding="utf-8" ?>
<!DOCTYPE html PUBLIC "-//W3C//DTD XHTML 1.0 Strict//EN"
        "http://www.w3.org/TR/xhtml1/DTD/xhtml1-strict.dtd">
<html xmlns="http://www.w3.org/1999/xhtml" xml:lang="" lang="">
<head>
  <title>Test Results Report - DemoTestCase</title>
  <meta http-equiv="Content-Type" content="text/html;charset=utf-8" />
  <meta name="description" content="TestNG unit test results." />
  <link href="report.css" rel="stylesheet" type="text/css" />
    <script type="text/javascript" src="report.js"></script>
</head>
<body>
<h1>DemoTestCase</h1>
<p>
  Test duration: 10.822s
</p>



  <table class="resultsTable" border="1" cellspacing="0" cellpadding="2">
    <tr><th colspan="3" class="header failed">Failed Tests</th></tr>
          <tr>
        <td colspan="3" class="group">com.fudax.udemo.testcase.DemoCase</td>
      </tr>
            
<tr>
  <td class="method">
                  baiduSearchExam
      </td>
  <td class="duration">
    9.656s
  </td>
  <td class="result">
        
    
        

        <a href="javascript:toggleElement('exception-0', 'block')" title="Click to expand/collapse"><b>java.lang.RuntimeException: java.lang.ClassCastException: com.sun.proxy.$Proxy5 cannot be cast to org.openqa.selenium.remote.RemoteWebDriver</b></a><br />
    <div class="stackTrace" id="exception-0">
              com.fudax.core.support.ExecuteListener.onException(ExecuteListener.java:137)<br />
              sun.reflect.NativeMethodAccessorImpl.invoke0(Native Method)<br />
              sun.reflect.NativeMethodAccessorImpl.invoke(NativeMethodAccessorImpl.java:62)<br />
              sun.reflect.DelegatingMethodAccessorImpl.invoke(DelegatingMethodAccessorImpl.java:43)<br />
              java.lang.reflect.Method.invoke(Method.java:498)<br />
              org.openqa.selenium.support.events.EventFiringWebDriver$1.invoke(EventFiringWebDriver.java:82)<br />
              com.sun.proxy.$Proxy4.onException(Unknown Source)<br />
              org.openqa.selenium.support.events.EventFiringWebDriver$EventFiringWebElement$1.invoke(EventFiringWebDriver.java:352)<br />
              com.sun.proxy.$Proxy6.isDisplayed(Unknown Source)<br />
              org.openqa.selenium.support.events.EventFiringWebDriver$EventFiringWebElement.isDisplayed(EventFiringWebDriver.java:404)<br />
              org.openqa.selenium.support.ui.ExpectedConditions.elementIfVisible(ExpectedConditions.java:302)<br />
              org.openqa.selenium.support.ui.ExpectedConditions.access$100(ExpectedConditions.java:44)<br />
              org.openqa.selenium.support.ui.ExpectedConditions$7.apply(ExpectedConditions.java:206)<br />
              org.openqa.selenium.support.ui.ExpectedConditions$7.apply(ExpectedConditions.java:202)<br />
              org.openqa.selenium.support.ui.FluentWait.until(FluentWait.java:209)<br />
              com.fudax.core.webdriver.WebDriverWebPublic.waitForElementVisible(WebDriverWebPublic.java:1857)<br />
              com.fudax.core.webdriver.WebDriverWebPublic.click(WebDriverWebPublic.java:1034)<br />
              com.fudax.udemo.testcase.DemoCase.baiduSearchExam(DemoCase.java:21)<br />
              sun.reflect.NativeMethodAccessorImpl.invoke0(Native Method)<br />
              sun.reflect.NativeMethodAccessorImpl.invoke(NativeMethodAccessorImpl.java:62)<br />
              sun.reflect.DelegatingMethodAccessorImpl.invoke(DelegatingMethodAccessorImpl.java:43)<br />
              java.lang.reflect.Method.invoke(Method.java:498)<br />
              org.testng.internal.MethodInvocationHelper.invokeMethod(MethodInvocationHelper.java:104)<br />
              org.testng.internal.Invoker.invokeMethod(Invoker.java:645)<br />
              org.testng.internal.Invoker.invokeTestMethod(Invoker.java:851)<br />
              org.testng.internal.Invoker.invokeTestMethods(Invoker.java:1177)<br />
              org.testng.internal.TestMethodWorker.invokeTestMethods(TestMethodWorker.java:129)<br />
              org.testng.internal.TestMethodWorker.run(TestMethodWorker.java:112)<br />
              org.testng.TestRunner.privateRun(TestRunner.java:756)<br />
              org.testng.TestRunner.run(TestRunner.java:610)<br />
              org.testng.SuiteRunner.runTest(SuiteRunner.java:387)<br />
              org.testng.SuiteRunner.runSequentially(SuiteRunner.java:382)<br />
              org.testng.SuiteRunner.privateRun(SuiteRunner.java:340)<br />
              org.testng.SuiteRunner.run(SuiteRunner.java:289)<br />
              org.testng.SuiteRunnerWorker.runSuite(SuiteRunnerWorker.java:52)<br />
              org.testng.SuiteRunnerWorker.run(SuiteRunnerWorker.java:86)<br />
              org.testng.TestNG.runSuitesSequentially(TestNG.java:1293)<br />
              org.testng.TestNG.runSuitesLocally(TestNG.java:1218)<br />
              org.testng.TestNG.runSuites(TestNG.java:1133)<br />
              org.testng.TestNG.run(TestNG.java:1104)<br />
              org.apache.maven.surefire.testng.TestNGExecutor.run(TestNGExecutor.java:283)<br />
              org.apache.maven.surefire.testng.TestNGXmlTestSuite.execute(TestNGXmlTestSuite.java:75)<br />
              org.apache.maven.surefire.testng.TestNGProvider.invoke(TestNGProvider.java:120)<br />
              org.apache.maven.surefire.booter.ForkedBooter.invokeProviderInSameClassLoader(ForkedBooter.java:373)<br />
              org.apache.maven.surefire.booter.ForkedBooter.runSuitesInProcess(ForkedBooter.java:334)<br />
              org.apache.maven.surefire.booter.ForkedBooter.execute(ForkedBooter.java:119)<br />
              org.apache.maven.surefire.booter.ForkedBooter.main(ForkedBooter.java:407)<br />
                    <b>Caused by: </b> <a href="javascript:toggleElement('exception-1', 'block')" title="Click to expand/collapse">java.lang.ClassCastException: com.sun.proxy.$Proxy5 cannot be cast to org.openqa.selenium.remote.RemoteWebDriver</a><br />
        <div class="stackTrace" id="exception-1">
                      com.fudax.core.support.RuntimeSupport.screenShot(RuntimeSupport.java:115)<br />
                      com.fudax.core.support.RuntimeSupport.screenShot(RuntimeSupport.java:73)<br />
                      com.fudax.core.support.ExecuteListener.onWebDriverException(ExecuteListener.java:61)<br />
                      com.fudax.core.support.ExecuteListener.onException(ExecuteListener.java:134)<br />
                      sun.reflect.NativeMethodAccessorImpl.invoke0(Native Method)<br />
                      sun.reflect.NativeMethodAccessorImpl.invoke(NativeMethodAccessorImpl.java:62)<br />
                      sun.reflect.DelegatingMethodAccessorImpl.invoke(DelegatingMethodAccessorImpl.java:43)<br />
                      java.lang.reflect.Method.invoke(Method.java:498)<br />
                      org.openqa.selenium.support.events.EventFiringWebDriver$1.invoke(EventFiringWebDriver.java:82)<br />
                      com.sun.proxy.$Proxy4.onException(Unknown Source)<br />
                      org.openqa.selenium.support.events.EventFiringWebDriver$EventFiringWebElement$1.invoke(EventFiringWebDriver.java:352)<br />
                      com.sun.proxy.$Proxy6.isDisplayed(Unknown Source)<br />
                      org.openqa.selenium.support.events.EventFiringWebDriver$EventFiringWebElement.isDisplayed(EventFiringWebDriver.java:404)<br />
                      org.openqa.selenium.support.ui.ExpectedConditions.elementIfVisible(ExpectedConditions.java:302)<br />
                      org.openqa.selenium.support.ui.ExpectedConditions.access$100(ExpectedConditions.java:44)<br />
                      org.openqa.selenium.support.ui.ExpectedConditions$7.apply(ExpectedConditions.java:206)<br />
                      org.openqa.selenium.support.ui.ExpectedConditions$7.apply(ExpectedConditions.java:202)<br />
                      org.openqa.selenium.support.ui.FluentWait.until(FluentWait.java:209)<br />
                      com.fudax.core.webdriver.WebDriverWebPublic.waitForElementVisible(WebDriverWebPublic.java:1857)<br />
                      com.fudax.core.webdriver.WebDriverWebPublic.click(WebDriverWebPublic.java:1034)<br />
                      com.fudax.udemo.testcase.DemoCase.baiduSearchExam(DemoCase.java:21)<br />
                      sun.reflect.NativeMethodAccessorImpl.invoke0(Native Method)<br />
                      sun.reflect.NativeMethodAccessorImpl.invoke(NativeMethodAccessorImpl.java:62)<br />
                      sun.reflect.DelegatingMethodAccessorImpl.invoke(DelegatingMethodAccessorImpl.java:43)<br />
                      java.lang.reflect.Method.invoke(Method.java:498)<br />
                      org.testng.internal.MethodInvocationHelper.invokeMethod(MethodInvocationHelper.java:104)<br />
                      org.testng.internal.Invoker.invokeMethod(Invoker.java:645)<br />
                      org.testng.internal.Invoker.invokeTestMethod(Invoker.java:851)<br />
                      org.testng.internal.Invoker.invokeTestMethods(Invoker.java:1177)<br />
                      org.testng.internal.TestMethodWorker.invokeTestMethods(TestMethodWorker.java:129)<br />
                      org.testng.internal.TestMethodWorker.run(TestMethodWorker.java:112)<br />
                      org.testng.TestRunner.privateRun(TestRunner.java:756)<br />
                      org.testng.TestRunner.run(TestRunner.java:610)<br />
                      org.testng.SuiteRunner.runTest(SuiteRunner.java:387)<br />
                      org.testng.SuiteRunner.runSequentially(SuiteRunner.java:382)<br />
                      org.testng.SuiteRunner.privateRun(SuiteRunner.java:340)<br />
                      org.testng.SuiteRunner.run(SuiteRunner.java:289)<br />
                      org.testng.SuiteRunnerWorker.runSuite(SuiteRunnerWorker.java:52)<br />
                      org.testng.SuiteRunnerWorker.run(SuiteRunnerWorker.java:86)<br />
                      org.testng.TestNG.runSuitesSequentially(TestNG.java:1293)<br />
                      org.testng.TestNG.runSuitesLocally(TestNG.java:1218)<br />
                      org.testng.TestNG.runSuites(TestNG.java:1133)<br />
                      org.testng.TestNG.run(TestNG.java:1104)<br />
                      org.apache.maven.surefire.testng.TestNGExecutor.run(TestNGExecutor.java:283)<br />
                      org.apache.maven.surefire.testng.TestNGXmlTestSuite.execute(TestNGXmlTestSuite.java:75)<br />
                      org.apache.maven.surefire.testng.TestNGProvider.invoke(TestNGProvider.java:120)<br />
                      org.apache.maven.surefire.booter.ForkedBooter.invokeProviderInSameClassLoader(ForkedBooter.java:373)<br />
                      org.apache.maven.surefire.booter.ForkedBooter.runSuitesInProcess(ForkedBooter.java:334)<br />
                      org.apache.maven.surefire.booter.ForkedBooter.execute(ForkedBooter.java:119)<br />
                      org.apache.maven.surefire.booter.ForkedBooter.main(ForkedBooter.java:407)<br />
                  </div>
          </div>
      </td>
</tr>
      </table>


  
</body>
</html>
